MPASM  5.37                  ARQUIVO_BASE.ASM   7-2-2017  14:02:26         PAGE  1


LOC  OBJECT CODE     LINE SOURCE TEXT
  VALUE

                      00001 ; ------------------------------------------
                      00002 ; IESB - Sistemas Computacionais: Hardware
                      00003 ; (Prova Substitutiva) Projeto Sirene
                      00004 ; Orientador / Avaliador:
                      00005 ;       Luis Carvalho
                      00006 ; Alunos:
                      00007 ;       Leonardo Contri /       Matricula: 1712082029
                      00008 ;       Nadio Dib               /       Matricula: 1322081004
                      00009 ;
                      00010 ;       Brasilia, 2 de julho de 2017
                      00011 ; ------------------------------------------
                      00012 
                      00013 #INCLUDE P16F628A.INC
                      00001         LIST
                      00002 ; P16F628A.INC  Standard Header File, Version 1.10    Microchip Technology, Inc.
                      00265         LIST
                      00266 
                      00014 
Warning[205]: Found directive in column 1. (__CONFIG)
2007   3F61           00015 __CONFIG _BOREN_ON & _CP_OFF & _PWRTE_ON & _WDT_OFF & _LVP_OFF & _MCLRE_ON & _XT_OSC
                      00016 
                      00017 #DEFINE         BANK0   BCF     STATUS,RP0
                      00018 #DEFINE         BANK1   BSF     STATUS,RP0
                      00019 #DEFINE         CHAVE1  PORTA,0
                      00020 #DEFINE         CHAVE2  PORTA,1
                      00021 #DEFINE         CHAVE3  PORTA,2
                      00022 #DEFINE         L1_OFF  BSF     PORTB,1
                      00023 #DEFINE         L1_ON   BCF     PORTB,1
                      00024 #DEFINE         L2_OFF  BSF     PORTB,2
                      00025 #DEFINE         L2_ON   BCF     PORTB,2
                      00026 #DEFINE         SIRENE  PORTB,3
                      00027 #DEFINE         TA_CFG  B'00000111'
                      00028 #DEFINE         TB_CFG  B'00000000'
                      00029 #DEFINE         OR_CFG  B'10000001'
                      00030 #DEFINE         IC_CFG  B'00100000'
                      00031 
Warning[207]: Found label after column 1. (FREQ)
  00000020            00032         FREQ    EQU             20H
Warning[207]: Found label after column 1. (DL0)
  00000021            00033         DL0             EQU             21H
Warning[207]: Found label after column 1. (DL1)
  00000022            00034         DL1             EQU             22H
Warning[207]: Found label after column 1. (DL2)
  00000023            00035         DL2             EQU             23H
Warning[207]: Found label after column 1. (SAVE_W)
  00000024            00036         SAVE_W  EQU             24H
Warning[207]: Found label after column 1. (SAVE_S)
  00000025            00037         SAVE_S  EQU             25H
                      00038 
0000                  00039         ORG             000H
0000   281A           00040         GOTO            INICIO
                      00041 
0004                  00042         ORG             004H
MPASM  5.37                  ARQUIVO_BASE.ASM   7-2-2017  14:02:26         PAGE  2


LOC  OBJECT CODE     LINE SOURCE TEXT
  VALUE

0004   00A4           00043         MOVWF   SAVE_W
0005   0E03           00044         SWAPF   STATUS,W
0006   00A5           00045         MOVWF   SAVE_S
                      00046 ;       BTFSC   CHAVE3
                      00047 ;       GOTO            END_INT
                      00048 ;       L1_OFF
                      00049 ;       L2_OFF
                      00050 ;       BTFSS   INTCON,T0IE
                      00051 ;       GOTO            END_INT
                      00052 ;       BCF             INTCON,T0IE
                      00053 ;       MOVLW   FREQ
                      00054 ;       MOVWF   TMR0
                      00055 ;       MOVLW   B'00001000'
                      00056 ;       XORWF   PORTB,F
0007                  00057 END_INT:
0007   0E25           00058         SWAPF   SAVE_S,W
0008   0083           00059         MOVWF   STATUS
0009   0EA4           00060         SWAPF   SAVE_W,F
000A   0E24           00061         SWAPF   SAVE_W,W
000B   0009           00062         RETFIE
                      00063 
000C                  00064 DELAY:
000C   3002           00065         MOVLW   .2
000D   00A3           00066         MOVWF   DL2
000E                  00067 LOOP_250MS:
000E   30FA           00068         MOVLW   .250
000F   00A2           00069         MOVWF   DL1
0010                  00070 LOOP_1MS:
0010   30C8           00071         MOVLW   .200
0011   00A1           00072         MOVWF   DL0
0012                  00073 LOOP:
0012   0000           00074         NOP
0013   0BA1           00075         DECFSZ  DL0,F
0014   2812           00076         GOTO            LOOP
0015   0BA2           00077         DECFSZ  DL1,F
0016   2810           00078         GOTO            LOOP_1MS
0017   0BA3           00079         DECFSZ  DL2,F
0018   280E           00080         GOTO            LOOP_250MS
0019   0008           00081         RETURN
                      00082 
001A                  00083 INICIO:
001A   0185           00084         CLRF    PORTA
001B   0186           00085         CLRF    PORTB
001C   1683           00086         BANK1
001D   3007           00087         MOVLW   TA_CFG
Message[302]: Register in operand not in bank 0.  Ensure that bank bits are correct.
001E   0085           00088         MOVWF   TRISA
001F   3000           00089         MOVLW   TB_CFG
Message[302]: Register in operand not in bank 0.  Ensure that bank bits are correct.
0020   0086           00090         MOVWF   TRISB
0021   3081           00091         MOVLW   OR_CFG
Message[302]: Register in operand not in bank 0.  Ensure that bank bits are correct.
0022   0081           00092         MOVWF   OPTION_REG
MPASM  5.37                  ARQUIVO_BASE.ASM   7-2-2017  14:02:26         PAGE  3


LOC  OBJECT CODE     LINE SOURCE TEXT
  VALUE

0023   3020           00093         MOVLW   IC_CFG
0024   008B           00094         MOVWF   INTCON
0025   1283           00095         BANK0
0026   3007           00096         MOVLW   7
0027   009F           00097         MOVWF   CMCON
0028                  00098 BGNNG:
0028   1486           00099         L1_OFF
0029   1506           00100         L2_OFF
002A   1885           00101         BTFSC   CHAVE2
002B   2828           00102         GOTO    BGNNG
002C   168B           00103         BSF             INTCON,T0IE
002D   1586           00104         BSF             SIRENE
002E                  00105 MAIN:
002E   1486           00106         L1_OFF
002F   1106           00107         L2_ON
0030   3003           00108         MOVLW   .3
0031   00A0           00109         MOVWF   FREQ
0032   1D05           00110         BTFSS   CHAVE3
0033   283D           00111         GOTO            SHTDWN
0034   200C           00112         CALL    DELAY
0035   1086           00113         L1_ON
0036   1506           00114         L2_OFF
0037   302B           00115         MOVLW   .43
0038   00A0           00116         MOVWF   FREQ
0039   1D05           00117         BTFSS   CHAVE3
003A   283D           00118         GOTO            SHTDWN
003B   200C           00119         CALL    DELAY
003C   282E           00120         GOTO            MAIN
003D                  00121 SHTDWN:
003D   1486           00122         L1_OFF
003E   1506           00123         L2_OFF
003F   2828           00124         GOTO            BGNNG
                      00125         END
MPASM  5.37                  ARQUIVO_BASE.ASM   7-2-2017  14:02:26         PAGE  4


SYMBOL TABLE
  LABEL                             VALUE 

ADEN                              00000003
BANK0                             BCF     STATUS,RP0
BANK1                             BSF     STATUS,RP0
BGNNG                             00000028
BRGH                              00000002
C                                 00000000
C1INV                             00000004
C1OUT                             00000006
C2INV                             00000005
C2OUT                             00000007
CCP1CON                           00000017
CCP1IE                            00000002
CCP1IF                            00000002
CCP1M0                            00000000
CCP1M1                            00000001
CCP1M2                            00000002
CCP1M3                            00000003
CCP1X                             00000005
CCP1Y                             00000004
CCPR1H                            00000016
CCPR1L                            00000015
CHAVE1                            PORTA,0
CHAVE2                            PORTA,1
CHAVE3                            PORTA,2
CIS                               00000003
CM0                               00000000
CM1                               00000001
CM2                               00000002
CMCON                             0000001F
CMIE                              00000006
CMIF                              00000006
CREN                              00000004
CSRC                              00000007
DC                                00000001
DELAY                             0000000C
DL0                               00000021
DL1                               00000022
DL2                               00000023
EEADR                             0000009B
EECON1                            0000009C
EECON2                            0000009D
EEDATA                            0000009A
EEIE                              00000007
EEIF                              00000007
END_INT                           00000007
F                                 00000001
FERR                              00000002
FREQ                              00000020
FSR                               00000004
GIE                               00000007
IC_CFG                            B'00100000'
INDF                              00000000
INICIO                            0000001A
MPASM  5.37                  ARQUIVO_BASE.ASM   7-2-2017  14:02:26         PAGE  5


SYMBOL TABLE
  LABEL                             VALUE 

INTCON                            0000000B
INTE                              00000004
INTEDG                            00000006
INTF                              00000001
IRP                               00000007
L1_OFF                            BSF     PORTB,1
L1_ON                             BCF     PORTB,1
L2_OFF                            BSF     PORTB,2
L2_ON                             BCF     PORTB,2
LOOP                              00000012
LOOP_1MS                          00000010
LOOP_250MS                        0000000E
MAIN                              0000002E
NOT_BO                            00000000
NOT_BOD                           00000000
NOT_BOR                           00000000
NOT_PD                            00000003
NOT_POR                           00000001
NOT_RBPU                          00000007
NOT_T1SYNC                        00000002
NOT_TO                            00000004
OERR                              00000001
OPTION_REG                        00000081
OR_CFG                            B'10000001'
OSCF                              00000003
PCL                               00000002
PCLATH                            0000000A
PCON                              0000008E
PEIE                              00000006
PIE1                              0000008C
PIR1                              0000000C
PORTA                             00000005
PORTB                             00000006
PR2                               00000092
PS0                               00000000
PS1                               00000001
PS2                               00000002
PSA                               00000003
RBIE                              00000003
RBIF                              00000000
RCIE                              00000005
RCIF                              00000005
RCREG                             0000001A
RCSTA                             00000018
RD                                00000000
RP0                               00000005
RP1                               00000006
RX9                               00000006
RX9D                              00000000
SAVE_S                            00000025
SAVE_W                            00000024
SHTDWN                            0000003D
SIRENE                            PORTB,3
MPASM  5.37                  ARQUIVO_BASE.ASM   7-2-2017  14:02:26         PAGE  6


SYMBOL TABLE
  LABEL                             VALUE 

SPBRG                             00000099
SPEN                              00000007
SREN                              00000005
STATUS                            00000003
SYNC                              00000004
T0CS                              00000005
T0IE                              00000005
T0IF                              00000002
T0SE                              00000004
T1CKPS0                           00000004
T1CKPS1                           00000005
T1CON                             00000010
T1OSCEN                           00000003
T2CKPS0                           00000000
T2CKPS1                           00000001
T2CON                             00000012
TA_CFG                            B'00000111'
TB_CFG                            B'00000000'
TMR0                              00000001
TMR1CS                            00000001
TMR1H                             0000000F
TMR1IE                            00000000
TMR1IF                            00000000
TMR1L                             0000000E
TMR1ON                            00000000
TMR2                              00000011
TMR2IE                            00000001
TMR2IF                            00000001
TMR2ON                            00000002
TOUTPS0                           00000003
TOUTPS1                           00000004
TOUTPS2                           00000005
TOUTPS3                           00000006
TRISA                             00000085
TRISB                             00000086
TRMT                              00000001
TX9                               00000006
TX9D                              00000000
TXEN                              00000005
TXIE                              00000004
TXIF                              00000004
TXREG                             00000019
TXSTA                             00000098
VR0                               00000000
VR1                               00000001
VR2                               00000002
VR3                               00000003
VRCON                             0000009F
VREN                              00000007
VROE                              00000006
VRR                               00000005
W                                 00000000
WR                                00000001
MPASM  5.37                  ARQUIVO_BASE.ASM   7-2-2017  14:02:26         PAGE  7


SYMBOL TABLE
  LABEL                             VALUE 

WREN                              00000002
WRERR                             00000003
Z                                 00000002
_BODEN_OFF                        00003FBF
_BODEN_ON                         00003FFF
_BOREN_OFF                        00003FBF
_BOREN_ON                         00003FFF
_CP_OFF                           00003FFF
_CP_ON                            00001FFF
_DATA_CP_OFF                      00003FFF
_DATA_CP_ON                       00003EFF
_ER_OSC_CLKOUT                    00003FFF
_ER_OSC_NOCLKOUT                  00003FFE
_EXTCLK_OSC                       00003FEF
_HS_OSC                           00003FEE
_INTOSC_OSC_CLKOUT                00003FFD
_INTOSC_OSC_NOCLKOUT              00003FFC
_INTRC_OSC_CLKOUT                 00003FFD
_INTRC_OSC_NOCLKOUT               00003FFC
_LP_OSC                           00003FEC
_LVP_OFF                          00003F7F
_LVP_ON                           00003FFF
_MCLRE_OFF                        00003FDF
_MCLRE_ON                         00003FFF
_PWRTE_OFF                        00003FFF
_PWRTE_ON                         00003FF7
_RC_OSC_CLKOUT                    00003FFF
_RC_OSC_NOCLKOUT                  00003FFE
_WDT_OFF                          00003FFB
_WDT_ON                           00003FFF
_XT_OSC                           00003FED
__16F628A                         00000001


MEMORY USAGE MAP ('X' = Used,  '-' = Unused)

0000 : X---XXXXXXXXXXXX XXXXXXXXXXXXXXXX XXXXXXXXXXXXXXXX XXXXXXXXXXXXXXXX
2000 : -------X-------- ---------------- ---------------- ----------------

All other memory blocks unused.

Program Memory Words Used:    61
Program Memory Words Free:  1987


Errors   :     0
Warnings :     7 reported,     0 suppressed
Messages :     3 reported,     0 suppressed

